<?xml version="1.0" encoding="UTF-8"?>
<!-- Generated by org.testng.reporters.JUnitXMLReporter -->
<testsuite ignored="0" hostname="DESKTOP-7STGH0Q" failures="0" tests="7" name="Default test" time="1.218" errors="0" timestamp="2024-04-19T11:58:29 IST">
  <testcase classname="com.DDF.DemowebShop.Test.DemoWebshop_Test" name="@BeforeTest UrlLaunch" time="-1.713508106551E9">
    <failure type="org.testng.TestNGException" message="
Parameter &amp;apos;url&amp;apos; is required by BeforeTest on method UrlLaunch but has not been marked @Optional or defined
in C:\Users\admin\AppData\Local\Temp\testng-eclipse--439497802\testng-customsuite.xml">
      <![CDATA[org.testng.TestNGException: 
Parameter 'url' is required by BeforeTest on method UrlLaunch but has not been marked @Optional or defined
in C:\Users\admin\AppData\Local\Temp\testng-eclipse--439497802\testng-customsuite.xml
at org.testng.internal.Parameters.createParams(Parameters.java:270)
at org.testng.internal.Parameters.createParametersForMethod(Parameters.java:358)
at org.testng.internal.Parameters.createParameters(Parameters.java:700)
at org.testng.internal.Parameters.createConfigurationParameters(Parameters.java:168)
at org.testng.internal.ConfigInvoker.invokeConfigurations(ConfigInvoker.java:302)
at org.testng.TestRunner.invokeTestConfigurations(TestRunner.java:637)
at org.testng.TestRunner.beforeRun(TestRunner.java:627)
at org.testng.TestRunner.run(TestRunner.java:589)
at org.testng.SuiteRunner.runTest(SuiteRunner.java:377)
at org.testng.SuiteRunner.runSequentially(SuiteRunner.java:371)
at org.testng.SuiteRunner.privateRun(SuiteRunner.java:332)
at org.testng.SuiteRunner.run(SuiteRunner.java:276)
at org.testng.SuiteRunnerWorker.runSuite(SuiteRunnerWorker.java:53)
at org.testng.SuiteRunnerWorker.run(SuiteRunnerWorker.java:96)
at org.testng.TestNG.runSuitesSequentially(TestNG.java:1212)
at org.testng.TestNG.runSuitesLocally(TestNG.java:1134)
at org.testng.TestNG.runSuites(TestNG.java:1063)
at org.testng.TestNG.run(TestNG.java:1031)
at org.testng.remote.AbstractRemoteTestNG.run(AbstractRemoteTestNG.java:115)
at org.testng.remote.RemoteTestNG.initAndRun(RemoteTestNG.java:251)
at org.testng.remote.RemoteTestNG.main(RemoteTestNG.java:77)
]]>
    </failure>
  </testcase> <!-- @BeforeTest UrlLaunch -->
  <testcase classname="com.DDF.DemowebShop.Test.DemoWebshop_Test" name="@BeforeClass cookies" time="-1.713508106729E9">
    <skipped/>
  </testcase> <!-- @BeforeClass cookies -->
  <testcase classname="com.DDF.DemowebShop.Test.DemoWebshop_Test" name="@BeforeMethod manage" time="-1.713508106881E9">
    <skipped/>
  </testcase> <!-- @BeforeMethod manage -->
  <testcase classname="com.DDF.DemowebShop.Test.DemoWebshop_Test" name="@AfterMethod ScreenShot" time="-1.713508106996E9">
    <skipped/>
  </testcase> <!-- @AfterMethod ScreenShot -->
  <testcase classname="com.DDF.DemowebShop.Test.DemoWebshop_Test" name="@BeforeMethod manage" time="-1.713508107116E9">
    <skipped/>
  </testcase> <!-- @BeforeMethod manage -->
  <testcase classname="com.DDF.DemowebShop.Test.DemoWebshop_Test" name="@AfterMethod ScreenShot" time="-1.713508107158E9">
    <skipped/>
  </testcase> <!-- @AfterMethod ScreenShot -->
  <testcase classname="com.DDF.DemowebShop.Test.DemoWebshop_Test" name="@BeforeMethod manage" time="-1.713508107178E9">
    <skipped/>
  </testcase> <!-- @BeforeMethod manage -->
  <testcase classname="com.DDF.DemowebShop.Test.DemoWebshop_Test" name="@AfterMethod ScreenShot" time="-1.71350810726E9">
    <skipped/>
  </testcase> <!-- @AfterMethod ScreenShot -->
  <testcase classname="com.DDF.DemowebShop.Test.DemoWebshop_Test" name="@BeforeMethod manage" time="-1.713508107303E9">
    <skipped/>
  </testcase> <!-- @BeforeMethod manage -->
  <testcase classname="com.DDF.DemowebShop.Test.DemoWebshop_Test" name="@AfterMethod ScreenShot" time="-1.713508107352E9">
    <skipped/>
  </testcase> <!-- @AfterMethod ScreenShot -->
  <testcase classname="com.DDF.DemowebShop.Test.DemoWebshop_Test" name="@BeforeMethod manage" time="-1.713508107392E9">
    <skipped/>
  </testcase> <!-- @BeforeMethod manage -->
  <testcase classname="com.DDF.DemowebShop.Test.DemoWebshop_Test" name="@AfterMethod ScreenShot" time="-1.713508107456E9">
    <skipped/>
  </testcase> <!-- @AfterMethod ScreenShot -->
  <testcase classname="com.DDF.DemowebShop.Test.DemoWebshop_Test" name="@BeforeMethod manage" time="-1.713508107465E9">
    <skipped/>
  </testcase> <!-- @BeforeMethod manage -->
  <testcase classname="com.DDF.DemowebShop.Test.DemoWebshop_Test" name="@AfterMethod ScreenShot" time="-1.713508107562E9">
    <skipped/>
  </testcase> <!-- @AfterMethod ScreenShot -->
  <testcase classname="com.DDF.DemowebShop.Test.DemoWebshop_Test" name="@BeforeMethod manage" time="-1.713508107586E9">
    <skipped/>
  </testcase> <!-- @BeforeMethod manage -->
  <testcase classname="com.DDF.DemowebShop.Test.DemoWebshop_Test" name="@AfterMethod ScreenShot" time="-1.713508107645E9">
    <skipped/>
  </testcase> <!-- @AfterMethod ScreenShot -->
  <testcase classname="com.DDF.DemowebShop.Test.DemoWebshop_Test" name="@AfterClass DeleteCookie" time="-1.713508107698E9">
    <skipped/>
  </testcase> <!-- @AfterClass DeleteCookie -->
  <testcase classname="com.DDF.DemowebShop.Test.DemoWebshop_Test" name="@AfterTest closeConnections" time="-1.713508107728E9">
    <skipped/>
  </testcase> <!-- @AfterTest closeConnections -->
  <testcase classname="com.DDF.DemowebShop.Test.DemoWebshop_Test" name="registerTest" time="0.0">
    <skipped/>
  </testcase> <!-- registerTest -->
  <testcase classname="com.DDF.DemowebShop.Test.DemoWebshop_Test" name="logOut" time="0.0">
    <skipped/>
  </testcase> <!-- logOut -->
  <testcase classname="com.DDF.DemowebShop.Test.DemoWebshop_Test" name="loginCheckWithExcel" time="0.0">
    <skipped/>
  </testcase> <!-- loginCheckWithExcel -->
  <testcase classname="com.DDF.DemowebShop.Test.DemoWebshop_Test" name="addProduct" time="0.0">
    <skipped/>
  </testcase> <!-- addProduct -->
  <testcase classname="com.DDF.DemowebShop.Test.DemoWebshop_Test" name="Billingdetails" time="0.0">
    <skipped/>
  </testcase> <!-- Billingdetails -->
  <testcase classname="com.DDF.DemowebShop.Test.DemoWebshop_Test" name="shiping" time="0.0">
    <skipped/>
  </testcase> <!-- shiping -->
  <testcase classname="com.DDF.DemowebShop.Test.DemoWebshop_Test" name="payment" time="0.0">
    <skipped/>
  </testcase> <!-- payment -->
</testsuite> <!-- Default test -->
