<?xml version="1.0" encoding="UTF-8"?>
<!-- Generated by org.testng.reporters.JUnitXMLReporter -->
<testsuite ignored="0" hostname="DESKTOP-7STGH0Q" failures="0" tests="4" name="Test" time="19.175" errors="0" timestamp="2024-04-14T21:08:00 IST">
  <testcase classname="com.DDF.JpetStoreDemo.Test.JpetDemoTest" name="fillAcform" time="4.684"/>
  <testcase classname="com.DDF.JpetStoreDemo.Test.JpetDemoTest" name="loginAccount" time="1.767"/>
  <testcase classname="com.DDF.JpetStoreDemo.Test.JpetDemoTest" name="addTocart" time="2.794"/>
  <testcase classname="com.DDF.JpetStoreDemo.Test.JpetDemoTest" name="ConfirmMyOrder" time="6.096"/>
</testsuite> <!-- Test -->
